<?xml version="1.0" encoding="utf-8"?><testsuite errors="0" failures="0" name="pytest" skipped="0" tests="6" time="0.112"><testcase classname="tests.small.test_environ" file="tests/small/test_environ.py" line="16" name="test_getRandomString" time="0.001"></testcase><testcase classname="tests.small.test_environ" file="tests/small/test_environ.py" line="20" name="test_convert_path_windows_to_nix[C:\opt\splunk-/opt/splunk]" time="0.001"></testcase><testcase classname="tests.small.test_environ" file="tests/small/test_environ.py" line="20" name="test_convert_path_windows_to_nix[C:\opt\-/opt/]" time="0.001"></testcase><testcase classname="tests.small.test_environ" file="tests/small/test_environ.py" line="20" name="test_convert_path_windows_to_nix[C:\opt-/opt]" time="0.001"></testcase><testcase classname="tests.small.test_environ" file="tests/small/test_environ.py" line="20" name="test_convert_path_windows_to_nix[C:\-/]" time="0.001"></testcase><testcase classname="tests.small.test_environ" file="tests/small/test_environ.py" line="20" name="test_convert_path_windows_to_nix[/opt/splunk-None]" time="0.001"></testcase></testsuite>